<?xml version="1.0" encoding="UTF-8"?>
<!-- Generated by org.testng.reporters.JUnitReportReporter -->
<testsuite skipped="0" hostname="LAPTOP-AV8JRCAO" name="testNgImplementation.CreateNewLead" tests="1" failures="0" timestamp="2022-10-30T17:03:16 IST" time="23.783" errors="0">
  <testcase name="createNewLeadTest" time="23.783" classname="testNgImplementation.CreateNewLead"/>
  <system-out/>
</testsuite> <!-- testNgImplementation.CreateNewLead -->
