<?xml version="1.0" encoding="UTF-8"?>
<!-- Generated by org.testng.reporters.JUnitReportReporter -->
<testsuite skipped="0" hostname="LAPTOP-AV8JRCAO" name="testNgImplementation.CreateNewContact" tests="1" failures="0" timestamp="2022-10-30T17:02:29 IST" time="20.799" errors="0">
  <testcase name="createNewContactTest" time="20.799" classname="testNgImplementation.CreateNewContact"/>
  <system-out/>
</testsuite> <!-- testNgImplementation.CreateNewContact -->
