<?xml version="1.0" encoding="UTF-8"?>
<!-- Generated by org.testng.reporters.JUnitReportReporter -->
<testsuite skipped="0" hostname="LAPTOP-AV8JRCAO" name="testNgImplementation.CreateNewOrganisation" tests="1" failures="0" timestamp="2022-11-01T08:21:13 IST" time="20.631" errors="0">
  <testcase name="createNewOrganisationTest" time="20.631" classname="testNgImplementation.CreateNewOrganisation"/>
  <system-out/>
</testsuite> <!-- testNgImplementation.CreateNewOrganisation -->
